{"/workspaces/tester-js/main.js": {"path":"/workspaces/tester-js/main.js","statementMap":{"0":{"start":{"line":2,"column":2},"end":{"line":2,"column":26}},"1":{"start":{"line":3,"column":2},"end":{"line":3,"column":26}},"2":{"start":{"line":4,"column":2},"end":{"line":4,"column":26}},"3":{"start":{"line":6,"column":2},"end":{"line":22,"column":3}},"4":{"start":{"line":7,"column":4},"end":{"line":7,"column":26}},"5":{"start":{"line":9,"column":4},"end":{"line":21,"column":5}},"6":{"start":{"line":10,"column":6},"end":{"line":10,"column":27}},"7":{"start":{"line":11,"column":11},"end":{"line":21,"column":5}},"8":{"start":{"line":12,"column":6},"end":{"line":12,"column":25}},"9":{"start":{"line":14,"column":6},"end":{"line":20,"column":7}},"10":{"start":{"line":17,"column":8},"end":{"line":17,"column":31}},"11":{"start":{"line":19,"column":8},"end":{"line":19,"column":25}},"12":{"start":{"line":25,"column":0},"end":{"line":25,"column":35}}},"fnMap":{"0":{"name":"checkTriangleType","decl":{"start":{"line":1,"column":9},"end":{"line":1,"column":26}},"loc":{"start":{"line":1,"column":48},"end":{"line":23,"column":1}},"line":1}},"branchMap":{"0":{"loc":{"start":{"line":6,"column":2},"end":{"line":22,"column":3}},"type":"if","locations":[{"start":{"line":6,"column":2},"end":{"line":22,"column":3}},{"start":{"line":8,"column":9},"end":{"line":22,"column":3}}],"line":6},"1":{"loc":{"start":{"line":6,"column":6},"end":{"line":6,"column":80}},"type":"binary-expr","locations":[{"start":{"line":6,"column":6},"end":{"line":6,"column":28}},{"start":{"line":6,"column":32},"end":{"line":6,"column":54}},{"start":{"line":6,"column":58},"end":{"line":6,"column":80}}],"line":6},"2":{"loc":{"start":{"line":9,"column":4},"end":{"line":21,"column":5}},"type":"if","locations":[{"start":{"line":9,"column":4},"end":{"line":21,"column":5}},{"start":{"line":11,"column":11},"end":{"line":21,"column":5}}],"line":9},"3":{"loc":{"start":{"line":9,"column":8},"end":{"line":9,"column":42}},"type":"binary-expr","locations":[{"start":{"line":9,"column":8},"end":{"line":9,"column":23}},{"start":{"line":9,"column":27},"end":{"line":9,"column":42}}],"line":9},"4":{"loc":{"start":{"line":11,"column":11},"end":{"line":21,"column":5}},"type":"if","locations":[{"start":{"line":11,"column":11},"end":{"line":21,"column":5}},{"start":{"line":13,"column":11},"end":{"line":21,"column":5}}],"line":11},"5":{"loc":{"start":{"line":11,"column":15},"end":{"line":11,"column":68}},"type":"binary-expr","locations":[{"start":{"line":11,"column":15},"end":{"line":11,"column":30}},{"start":{"line":11,"column":34},"end":{"line":11,"column":49}},{"start":{"line":11,"column":53},"end":{"line":11,"column":68}}],"line":11},"6":{"loc":{"start":{"line":14,"column":6},"end":{"line":20,"column":7}},"type":"if","locations":[{"start":{"line":14,"column":6},"end":{"line":20,"column":7}},{"start":{"line":18,"column":13},"end":{"line":20,"column":7}}],"line":14},"7":{"loc":{"start":{"line":14,"column":10},"end":{"line":16,"column":57}},"type":"binary-expr","locations":[{"start":{"line":14,"column":10},"end":{"line":14,"column":57}},{"start":{"line":15,"column":10},"end":{"line":15,"column":57}},{"start":{"line":16,"column":10},"end":{"line":16,"column":57}}],"line":14}},"s":{"0":5,"1":5,"2":5,"3":5,"4":1,"5":4,"6":1,"7":3,"8":1,"9":2,"10":1,"11":1,"12":1},"f":{"0":5},"b":{"0":[1,4],"1":[5,4,4],"2":[1,3],"3":[4,2],"4":[1,2],"5":[3,2,2],"6":[1,1],"7":[2,1,1]},"_coverageSchema":"1a1c01bbd47fc00a2c39e90264f33305004495a9","hash":"f38cdd1f4718c3870cd67d5da11584449ccc13b9"}
}
